node_modules 16-10-34-627/react-native-video/android/buildOutput_a15d4dee7fc4eda61b91308cbb6a2e72/outputs/logs/manifest-merger-debug-report.txt
-- Merging decision tree log ---
manifest
ADDED from src/main/AndroidManifestNew.xml:1:1-2:12
INJECTED from src/main/AndroidManifestNew.xml:1:1-2:12
	package
		INJECTED from src/main/AndroidManifestNew.xml
	xmlns:android
		ADDED from src/main/AndroidManifestNew.xml:1:11-69
uses-sdk
INJECTED from src/main/AndroidManifestNew.xml reason: use-sdk injection requested
INJECTED from src/main/AndroidManifestNew.xml
INJECTED from src/main/AndroidManifestNew.xml
	android:targetSdkVersion
		INJECTED from src/main/AndroidManifestNew.xml
	android:minSdkVersion
		INJECTED from src/main/AndroidManifestNew.xml